<?xml version="1.0" encoding="UTF-8"?>
<!-- Generated by org.testng.reporters.JUnitReportReporter -->
<testsuite hostname="AnjaniKumar" failures="0" tests="1" name="demo.FirstTest" time="3.042" errors="0" timestamp="2025-02-24T21:02:34 IST" skipped="0">
  <testcase classname="demo.FirstTest" name="LoginPage" time="3.042"/>
  <system-out/>
</testsuite> <!-- demo.FirstTest -->
